[     577ms] [ERROR] Failed to load resource: the server responded with a status of 500 () @ https://ads.aiden.services/api/generate/b7c6e9bd-329a-4eca-b468-91352d12419b:0
[   45065ms] [ERROR] Failed to load resource: the server responded with a status of 500 () @ https://ads.aiden.services/api/generate/b7c6e9bd-329a-4eca-b468-91352d12419b:0
[  649948ms] [ERROR] Failed to load resource: the server responded with a status of 401 () @ https://ads.aiden.services/api/credits:0
[  679942ms] [ERROR] Failed to load resource: the server responded with a status of 401 () @ https://ads.aiden.services/api/credits:0
[  709931ms] [ERROR] Failed to load resource: the server responded with a status of 401 () @ https://ads.aiden.services/api/credits:0
[  739934ms] [ERROR] Failed to load resource: the server responded with a status of 401 () @ https://ads.aiden.services/api/credits:0
[  769943ms] [ERROR] Failed to load resource: the server responded with a status of 401 () @ https://ads.aiden.services/api/credits:0
[  799939ms] [ERROR] Failed to load resource: the server responded with a status of 401 () @ https://ads.aiden.services/api/credits:0
[  830029ms] [ERROR] Failed to load resource: the server responded with a status of 401 () @ https://ads.aiden.services/api/credits:0
[  859933ms] [ERROR] Failed to load resource: the server responded with a status of 401 () @ https://ads.aiden.services/api/credits:0
[  889937ms] [ERROR] Failed to load resource: the server responded with a status of 401 () @ https://ads.aiden.services/api/credits:0
[  919959ms] [ERROR] Failed to load resource: the server responded with a status of 401 () @ https://ads.aiden.services/api/credits:0
[  949936ms] [ERROR] Failed to load resource: the server responded with a status of 401 () @ https://ads.aiden.services/api/credits:0
[  979954ms] [ERROR] Failed to load resource: the server responded with a status of 401 () @ https://ads.aiden.services/api/credits:0
[ 1009944ms] [ERROR] Failed to load resource: the server responded with a status of 401 () @ https://ads.aiden.services/api/credits:0
[ 1039954ms] [ERROR] Failed to load resource: the server responded with a status of 401 () @ https://ads.aiden.services/api/credits:0
[ 1069943ms] [ERROR] Failed to load resource: the server responded with a status of 401 () @ https://ads.aiden.services/api/credits:0
[ 1099949ms] [ERROR] Failed to load resource: the server responded with a status of 401 () @ https://ads.aiden.services/api/credits:0
[ 1129941ms] [ERROR] Failed to load resource: the server responded with a status of 401 () @ https://ads.aiden.services/api/credits:0
[ 1160947ms] [ERROR] Failed to load resource: the server responded with a status of 401 () @ https://ads.aiden.services/api/credits:0
[ 1189952ms] [ERROR] Failed to load resource: the server responded with a status of 401 () @ https://ads.aiden.services/api/credits:0
[ 1219941ms] [ERROR] Failed to load resource: the server responded with a status of 401 () @ https://ads.aiden.services/api/credits:0
[ 1249942ms] [ERROR] Failed to load resource: the server responded with a status of 401 () @ https://ads.aiden.services/api/credits:0
[ 1279962ms] [ERROR] Failed to load resource: the server responded with a status of 401 () @ https://ads.aiden.services/api/credits:0
[ 1309937ms] [ERROR] Failed to load resource: the server responded with a status of 401 () @ https://ads.aiden.services/api/credits:0
[ 1339961ms] [ERROR] Failed to load resource: the server responded with a status of 401 () @ https://ads.aiden.services/api/credits:0
[ 1370075ms] [ERROR] Failed to load resource: the server responded with a status of 401 () @ https://ads.aiden.services/api/credits:0
[ 1399925ms] [ERROR] Failed to load resource: the server responded with a status of 401 () @ https://ads.aiden.services/api/credits:0
[ 1429940ms] [ERROR] Failed to load resource: the server responded with a status of 401 () @ https://ads.aiden.services/api/credits:0
[ 1459929ms] [ERROR] Failed to load resource: the server responded with a status of 401 () @ https://ads.aiden.services/api/credits:0
[ 1489936ms] [ERROR] Failed to load resource: the server responded with a status of 401 () @ https://ads.aiden.services/api/credits:0
[ 1519930ms] [ERROR] Failed to load resource: the server responded with a status of 401 () @ https://ads.aiden.services/api/credits:0
[ 1550024ms] [ERROR] Failed to load resource: the server responded with a status of 401 () @ https://ads.aiden.services/api/credits:0
[ 1580999ms] [ERROR] Failed to load resource: the server responded with a status of 401 () @ https://ads.aiden.services/api/credits:0
[ 1609948ms] [ERROR] Failed to load resource: the server responded with a status of 401 () @ https://ads.aiden.services/api/credits:0
[ 1639947ms] [ERROR] Failed to load resource: the server responded with a status of 401 () @ https://ads.aiden.services/api/credits:0
[ 1669929ms] [ERROR] Failed to load resource: the server responded with a status of 401 () @ https://ads.aiden.services/api/credits:0
[ 1699937ms] [ERROR] Failed to load resource: the server responded with a status of 401 () @ https://ads.aiden.services/api/credits:0
[ 1729938ms] [ERROR] Failed to load resource: the server responded with a status of 401 () @ https://ads.aiden.services/api/credits:0
[ 1759931ms] [ERROR] Failed to load resource: the server responded with a status of 401 () @ https://ads.aiden.services/api/credits:0
[ 1789918ms] [ERROR] Failed to load resource: the server responded with a status of 401 () @ https://ads.aiden.services/api/credits:0
[ 1819939ms] [ERROR] Failed to load resource: the server responded with a status of 401 () @ https://ads.aiden.services/api/credits:0
[ 1849945ms] [ERROR] Failed to load resource: the server responded with a status of 401 () @ https://ads.aiden.services/api/credits:0
[ 1879934ms] [ERROR] Failed to load resource: the server responded with a status of 401 () @ https://ads.aiden.services/api/credits:0
[ 1909926ms] [ERROR] Failed to load resource: the server responded with a status of 401 () @ https://ads.aiden.services/api/credits:0
[ 1939934ms] [ERROR] Failed to load resource: the server responded with a status of 401 () @ https://ads.aiden.services/api/credits:0
[ 1969928ms] [ERROR] Failed to load resource: the server responded with a status of 401 () @ https://ads.aiden.services/api/credits:0
[ 1999922ms] [ERROR] Failed to load resource: the server responded with a status of 401 () @ https://ads.aiden.services/api/credits:0
[ 2029923ms] [ERROR] Failed to load resource: the server responded with a status of 401 () @ https://ads.aiden.services/api/credits:0
[ 2059931ms] [ERROR] Failed to load resource: the server responded with a status of 401 () @ https://ads.aiden.services/api/credits:0
[ 2089924ms] [ERROR] Failed to load resource: the server responded with a status of 401 () @ https://ads.aiden.services/api/credits:0
[ 2119923ms] [ERROR] Failed to load resource: the server responded with a status of 401 () @ https://ads.aiden.services/api/credits:0
[ 2149925ms] [ERROR] Failed to load resource: the server responded with a status of 401 () @ https://ads.aiden.services/api/credits:0
[ 2179909ms] [ERROR] Failed to load resource: the server responded with a status of 401 () @ https://ads.aiden.services/api/credits:0
[ 2209919ms] [ERROR] Failed to load resource: the server responded with a status of 401 () @ https://ads.aiden.services/api/credits:0
[ 2239910ms] [ERROR] Failed to load resource: the server responded with a status of 401 () @ https://ads.aiden.services/api/credits:0
[ 2269912ms] [ERROR] Failed to load resource: the server responded with a status of 401 () @ https://ads.aiden.services/api/credits:0
[ 2299937ms] [ERROR] Failed to load resource: the server responded with a status of 401 () @ https://ads.aiden.services/api/credits:0
[ 2329922ms] [ERROR] Failed to load resource: the server responded with a status of 401 () @ https://ads.aiden.services/api/credits:0
[ 2359924ms] [ERROR] Failed to load resource: the server responded with a status of 401 () @ https://ads.aiden.services/api/credits:0
[ 2389918ms] [ERROR] Failed to load resource: the server responded with a status of 401 () @ https://ads.aiden.services/api/credits:0
[ 2419928ms] [ERROR] Failed to load resource: the server responded with a status of 401 () @ https://ads.aiden.services/api/credits:0
[ 2449916ms] [ERROR] Failed to load resource: the server responded with a status of 401 () @ https://ads.aiden.services/api/credits:0
[ 2479926ms] [ERROR] Failed to load resource: the server responded with a status of 401 () @ https://ads.aiden.services/api/credits:0
[ 2509921ms] [ERROR] Failed to load resource: the server responded with a status of 401 () @ https://ads.aiden.services/api/credits:0
[ 2539960ms] [ERROR] Failed to load resource: the server responded with a status of 401 () @ https://ads.aiden.services/api/credits:0
[ 2569920ms] [ERROR] Failed to load resource: the server responded with a status of 401 () @ https://ads.aiden.services/api/credits:0
[ 2599921ms] [ERROR] Failed to load resource: the server responded with a status of 401 () @ https://ads.aiden.services/api/credits:0
[ 2629921ms] [ERROR] Failed to load resource: the server responded with a status of 401 () @ https://ads.aiden.services/api/credits:0
[ 2659920ms] [ERROR] Failed to load resource: the server responded with a status of 401 () @ https://ads.aiden.services/api/credits:0
[ 2689918ms] [ERROR] Failed to load resource: the server responded with a status of 401 () @ https://ads.aiden.services/api/credits:0
[ 2719912ms] [ERROR] Failed to load resource: the server responded with a status of 401 () @ https://ads.aiden.services/api/credits:0
[ 2749927ms] [ERROR] Failed to load resource: the server responded with a status of 401 () @ https://ads.aiden.services/api/credits:0
[ 2779918ms] [ERROR] Failed to load resource: the server responded with a status of 401 () @ https://ads.aiden.services/api/credits:0
[ 2809918ms] [ERROR] Failed to load resource: the server responded with a status of 401 () @ https://ads.aiden.services/api/credits:0
[ 2839929ms] [ERROR] Failed to load resource: the server responded with a status of 401 () @ https://ads.aiden.services/api/credits:0
[ 2869916ms] [ERROR] Failed to load resource: the server responded with a status of 401 () @ https://ads.aiden.services/api/credits:0
[ 2899911ms] [ERROR] Failed to load resource: the server responded with a status of 401 () @ https://ads.aiden.services/api/credits:0
[ 2929924ms] [ERROR] Failed to load resource: the server responded with a status of 401 () @ https://ads.aiden.services/api/credits:0
[ 2959911ms] [ERROR] Failed to load resource: the server responded with a status of 401 () @ https://ads.aiden.services/api/credits:0
[ 2989921ms] [ERROR] Failed to load resource: the server responded with a status of 401 () @ https://ads.aiden.services/api/credits:0
[ 3019928ms] [ERROR] Failed to load resource: the server responded with a status of 401 () @ https://ads.aiden.services/api/credits:0
[ 3049912ms] [ERROR] Failed to load resource: the server responded with a status of 401 () @ https://ads.aiden.services/api/credits:0
[ 3079919ms] [ERROR] Failed to load resource: the server responded with a status of 401 () @ https://ads.aiden.services/api/credits:0
[ 3109922ms] [ERROR] Failed to load resource: the server responded with a status of 401 () @ https://ads.aiden.services/api/credits:0
[ 3139910ms] [ERROR] Failed to load resource: the server responded with a status of 401 () @ https://ads.aiden.services/api/credits:0
[ 3169915ms] [ERROR] Failed to load resource: the server responded with a status of 401 () @ https://ads.aiden.services/api/credits:0
[ 3199926ms] [ERROR] Failed to load resource: the server responded with a status of 401 () @ https://ads.aiden.services/api/credits:0
[ 3229924ms] [ERROR] Failed to load resource: the server responded with a status of 401 () @ https://ads.aiden.services/api/credits:0
[ 3259956ms] [ERROR] Failed to load resource: the server responded with a status of 401 () @ https://ads.aiden.services/api/credits:0
[ 3289915ms] [ERROR] Failed to load resource: the server responded with a status of 401 () @ https://ads.aiden.services/api/credits:0
[ 3319925ms] [ERROR] Failed to load resource: the server responded with a status of 401 () @ https://ads.aiden.services/api/credits:0
[ 3349908ms] [ERROR] Failed to load resource: the server responded with a status of 401 () @ https://ads.aiden.services/api/credits:0
[ 3379930ms] [ERROR] Failed to load resource: the server responded with a status of 401 () @ https://ads.aiden.services/api/credits:0
[ 3409915ms] [ERROR] Failed to load resource: the server responded with a status of 401 () @ https://ads.aiden.services/api/credits:0
[ 3439915ms] [ERROR] Failed to load resource: the server responded with a status of 401 () @ https://ads.aiden.services/api/credits:0
[ 3469889ms] [ERROR] Failed to load resource: the server responded with a status of 401 () @ https://ads.aiden.services/api/credits:0
[ 3499886ms] [ERROR] Failed to load resource: the server responded with a status of 401 () @ https://ads.aiden.services/api/credits:0
[ 3529878ms] [ERROR] Failed to load resource: the server responded with a status of 401 () @ https://ads.aiden.services/api/credits:0
[ 3559879ms] [ERROR] Failed to load resource: the server responded with a status of 401 () @ https://ads.aiden.services/api/credits:0
[ 3589870ms] [ERROR] Failed to load resource: the server responded with a status of 401 () @ https://ads.aiden.services/api/credits:0
[ 3619877ms] [ERROR] Failed to load resource: the server responded with a status of 401 () @ https://ads.aiden.services/api/credits:0
[ 3649870ms] [ERROR] Failed to load resource: the server responded with a status of 401 () @ https://ads.aiden.services/api/credits:0
[ 3679881ms] [ERROR] Failed to load resource: the server responded with a status of 401 () @ https://ads.aiden.services/api/credits:0
[ 3709879ms] [ERROR] Failed to load resource: the server responded with a status of 401 () @ https://ads.aiden.services/api/credits:0
[ 3739873ms] [ERROR] Failed to load resource: the server responded with a status of 401 () @ https://ads.aiden.services/api/credits:0
[ 3769874ms] [ERROR] Failed to load resource: the server responded with a status of 401 () @ https://ads.aiden.services/api/credits:0
[ 3799869ms] [ERROR] Failed to load resource: the server responded with a status of 401 () @ https://ads.aiden.services/api/credits:0
[ 3829876ms] [ERROR] Failed to load resource: the server responded with a status of 401 () @ https://ads.aiden.services/api/credits:0
[ 3859883ms] [ERROR] Failed to load resource: the server responded with a status of 401 () @ https://ads.aiden.services/api/credits:0
[ 3889877ms] [ERROR] Failed to load resource: the server responded with a status of 401 () @ https://ads.aiden.services/api/credits:0
[ 3919880ms] [ERROR] Failed to load resource: the server responded with a status of 401 () @ https://ads.aiden.services/api/credits:0
[ 3949875ms] [ERROR] Failed to load resource: the server responded with a status of 401 () @ https://ads.aiden.services/api/credits:0
[ 3979876ms] [ERROR] Failed to load resource: the server responded with a status of 401 () @ https://ads.aiden.services/api/credits:0
[ 4009883ms] [ERROR] Failed to load resource: the server responded with a status of 401 () @ https://ads.aiden.services/api/credits:0
[ 4039859ms] [ERROR] Failed to load resource: the server responded with a status of 401 () @ https://ads.aiden.services/api/credits:0
[ 4069861ms] [ERROR] Failed to load resource: the server responded with a status of 401 () @ https://ads.aiden.services/api/credits:0
[ 4099888ms] [ERROR] Failed to load resource: the server responded with a status of 401 () @ https://ads.aiden.services/api/credits:0
[ 4129869ms] [ERROR] Failed to load resource: the server responded with a status of 401 () @ https://ads.aiden.services/api/credits:0
[ 4159871ms] [ERROR] Failed to load resource: the server responded with a status of 401 () @ https://ads.aiden.services/api/credits:0
[ 4189874ms] [ERROR] Failed to load resource: the server responded with a status of 401 () @ https://ads.aiden.services/api/credits:0
[ 4219898ms] [ERROR] Failed to load resource: the server responded with a status of 401 () @ https://ads.aiden.services/api/credits:0
[ 4249868ms] [ERROR] Failed to load resource: the server responded with a status of 401 () @ https://ads.aiden.services/api/credits:0
[ 4279865ms] [ERROR] Failed to load resource: the server responded with a status of 401 () @ https://ads.aiden.services/api/credits:0
[ 4309855ms] [ERROR] Failed to load resource: the server responded with a status of 401 () @ https://ads.aiden.services/api/credits:0
[ 4339897ms] [ERROR] Failed to load resource: the server responded with a status of 401 () @ https://ads.aiden.services/api/credits:0
[ 4369869ms] [ERROR] Failed to load resource: the server responded with a status of 401 () @ https://ads.aiden.services/api/credits:0
[ 4399872ms] [ERROR] Failed to load resource: the server responded with a status of 401 () @ https://ads.aiden.services/api/credits:0
[ 4429855ms] [ERROR] Failed to load resource: the server responded with a status of 401 () @ https://ads.aiden.services/api/credits:0
[ 4459865ms] [ERROR] Failed to load resource: the server responded with a status of 401 () @ https://ads.aiden.services/api/credits:0
[ 4489867ms] [ERROR] Failed to load resource: the server responded with a status of 401 () @ https://ads.aiden.services/api/credits:0
[ 4519865ms] [ERROR] Failed to load resource: the server responded with a status of 401 () @ https://ads.aiden.services/api/credits:0
[ 4549868ms] [ERROR] Failed to load resource: the server responded with a status of 401 () @ https://ads.aiden.services/api/credits:0
[ 4579858ms] [ERROR] Failed to load resource: the server responded with a status of 401 () @ https://ads.aiden.services/api/credits:0
[ 4609863ms] [ERROR] Failed to load resource: the server responded with a status of 401 () @ https://ads.aiden.services/api/credits:0
[ 4639866ms] [ERROR] Failed to load resource: the server responded with a status of 401 () @ https://ads.aiden.services/api/credits:0
[ 4669863ms] [ERROR] Failed to load resource: the server responded with a status of 401 () @ https://ads.aiden.services/api/credits:0
[ 4699853ms] [ERROR] Failed to load resource: the server responded with a status of 401 () @ https://ads.aiden.services/api/credits:0
[ 4729872ms] [ERROR] Failed to load resource: the server responded with a status of 401 () @ https://ads.aiden.services/api/credits:0
[ 4759862ms] [ERROR] Failed to load resource: the server responded with a status of 401 () @ https://ads.aiden.services/api/credits:0
[ 4789862ms] [ERROR] Failed to load resource: the server responded with a status of 401 () @ https://ads.aiden.services/api/credits:0
[ 4819853ms] [ERROR] Failed to load resource: the server responded with a status of 401 () @ https://ads.aiden.services/api/credits:0
[ 4849854ms] [ERROR] Failed to load resource: the server responded with a status of 401 () @ https://ads.aiden.services/api/credits:0
[ 4879861ms] [ERROR] Failed to load resource: the server responded with a status of 401 () @ https://ads.aiden.services/api/credits:0
[ 4909860ms] [ERROR] Failed to load resource: the server responded with a status of 401 () @ https://ads.aiden.services/api/credits:0
[ 4939849ms] [ERROR] Failed to load resource: the server responded with a status of 401 () @ https://ads.aiden.services/api/credits:0
[ 4969845ms] [ERROR] Failed to load resource: the server responded with a status of 401 () @ https://ads.aiden.services/api/credits:0
[ 4999853ms] [ERROR] Failed to load resource: the server responded with a status of 401 () @ https://ads.aiden.services/api/credits:0
[ 5029859ms] [ERROR] Failed to load resource: the server responded with a status of 401 () @ https://ads.aiden.services/api/credits:0
[ 5059858ms] [ERROR] Failed to load resource: the server responded with a status of 401 () @ https://ads.aiden.services/api/credits:0
[ 5089858ms] [ERROR] Failed to load resource: the server responded with a status of 401 () @ https://ads.aiden.services/api/credits:0
[ 5119844ms] [ERROR] Failed to load resource: the server responded with a status of 401 () @ https://ads.aiden.services/api/credits:0
[ 5149846ms] [ERROR] Failed to load resource: the server responded with a status of 401 () @ https://ads.aiden.services/api/credits:0
[ 5179854ms] [ERROR] Failed to load resource: the server responded with a status of 401 () @ https://ads.aiden.services/api/credits:0
[ 5209858ms] [ERROR] Failed to load resource: the server responded with a status of 401 () @ https://ads.aiden.services/api/credits:0
[ 5239849ms] [ERROR] Failed to load resource: the server responded with a status of 401 () @ https://ads.aiden.services/api/credits:0
[ 5269851ms] [ERROR] Failed to load resource: the server responded with a status of 401 () @ https://ads.aiden.services/api/credits:0
[ 5299857ms] [ERROR] Failed to load resource: the server responded with a status of 401 () @ https://ads.aiden.services/api/credits:0
[ 5329903ms] [ERROR] Failed to load resource: the server responded with a status of 401 () @ https://ads.aiden.services/api/credits:0
[ 5359906ms] [ERROR] Failed to load resource: the server responded with a status of 401 () @ https://ads.aiden.services/api/credits:0
[ 5389919ms] [ERROR] Failed to load resource: the server responded with a status of 401 () @ https://ads.aiden.services/api/credits:0
[ 5419908ms] [ERROR] Failed to load resource: the server responded with a status of 401 () @ https://ads.aiden.services/api/credits:0
[ 5449911ms] [ERROR] Failed to load resource: the server responded with a status of 401 () @ https://ads.aiden.services/api/credits:0
[ 5479908ms] [ERROR] Failed to load resource: the server responded with a status of 401 () @ https://ads.aiden.services/api/credits:0
[ 5509904ms] [ERROR] Failed to load resource: the server responded with a status of 401 () @ https://ads.aiden.services/api/credits:0
[ 5539903ms] [ERROR] Failed to load resource: the server responded with a status of 401 () @ https://ads.aiden.services/api/credits:0
[ 5569905ms] [ERROR] Failed to load resource: the server responded with a status of 401 () @ https://ads.aiden.services/api/credits:0
[ 5599908ms] [ERROR] Failed to load resource: the server responded with a status of 401 () @ https://ads.aiden.services/api/credits:0
[ 5629911ms] [ERROR] Failed to load resource: the server responded with a status of 401 () @ https://ads.aiden.services/api/credits:0
[ 5659905ms] [ERROR] Failed to load resource: the server responded with a status of 401 () @ https://ads.aiden.services/api/credits:0
[ 5689912ms] [ERROR] Failed to load resource: the server responded with a status of 401 () @ https://ads.aiden.services/api/credits:0
[ 5719907ms] [ERROR] Failed to load resource: the server responded with a status of 401 () @ https://ads.aiden.services/api/credits:0
[ 5749912ms] [ERROR] Failed to load resource: the server responded with a status of 401 () @ https://ads.aiden.services/api/credits:0
[ 5779905ms] [ERROR] Failed to load resource: the server responded with a status of 401 () @ https://ads.aiden.services/api/credits:0
[ 5809909ms] [ERROR] Failed to load resource: the server responded with a status of 401 () @ https://ads.aiden.services/api/credits:0
[ 5839905ms] [ERROR] Failed to load resource: the server responded with a status of 401 () @ https://ads.aiden.services/api/credits:0
[ 5869904ms] [ERROR] Failed to load resource: the server responded with a status of 401 () @ https://ads.aiden.services/api/credits:0
[ 5899909ms] [ERROR] Failed to load resource: the server responded with a status of 401 () @ https://ads.aiden.services/api/credits:0
[ 5929917ms] [ERROR] Failed to load resource: the server responded with a status of 401 () @ https://ads.aiden.services/api/credits:0
[ 5959922ms] [ERROR] Failed to load resource: the server responded with a status of 401 () @ https://ads.aiden.services/api/credits:0
[ 5989918ms] [ERROR] Failed to load resource: the server responded with a status of 401 () @ https://ads.aiden.services/api/credits:0
[ 6019916ms] [ERROR] Failed to load resource: the server responded with a status of 401 () @ https://ads.aiden.services/api/credits:0
[ 6049917ms] [ERROR] Failed to load resource: the server responded with a status of 401 () @ https://ads.aiden.services/api/credits:0
[ 6079918ms] [ERROR] Failed to load resource: the server responded with a status of 401 () @ https://ads.aiden.services/api/credits:0
[ 6109910ms] [ERROR] Failed to load resource: the server responded with a status of 401 () @ https://ads.aiden.services/api/credits:0
[ 6139913ms] [ERROR] Failed to load resource: the server responded with a status of 401 () @ https://ads.aiden.services/api/credits:0
[ 6169922ms] [ERROR] Failed to load resource: the server responded with a status of 401 () @ https://ads.aiden.services/api/credits:0
[ 6199923ms] [ERROR] Failed to load resource: the server responded with a status of 401 () @ https://ads.aiden.services/api/credits:0
[ 6229921ms] [ERROR] Failed to load resource: the server responded with a status of 401 () @ https://ads.aiden.services/api/credits:0
[ 6259916ms] [ERROR] Failed to load resource: the server responded with a status of 401 () @ https://ads.aiden.services/api/credits:0
[ 6289921ms] [ERROR] Failed to load resource: the server responded with a status of 401 () @ https://ads.aiden.services/api/credits:0
[ 6319917ms] [ERROR] Failed to load resource: the server responded with a status of 401 () @ https://ads.aiden.services/api/credits:0
[ 6349907ms] [ERROR] Failed to load resource: the server responded with a status of 401 () @ https://ads.aiden.services/api/credits:0
[ 6379914ms] [ERROR] Failed to load resource: the server responded with a status of 401 () @ https://ads.aiden.services/api/credits:0
[ 6409910ms] [ERROR] Failed to load resource: the server responded with a status of 401 () @ https://ads.aiden.services/api/credits:0
[ 6439910ms] [ERROR] Failed to load resource: the server responded with a status of 401 () @ https://ads.aiden.services/api/credits:0
[ 6469917ms] [ERROR] Failed to load resource: the server responded with a status of 401 () @ https://ads.aiden.services/api/credits:0
[ 6499921ms] [ERROR] Failed to load resource: the server responded with a status of 401 () @ https://ads.aiden.services/api/credits:0
[ 6529920ms] [ERROR] Failed to load resource: the server responded with a status of 401 () @ https://ads.aiden.services/api/credits:0
[ 6559921ms] [ERROR] Failed to load resource: the server responded with a status of 401 () @ https://ads.aiden.services/api/credits:0
[ 6589929ms] [ERROR] Failed to load resource: the server responded with a status of 401 () @ https://ads.aiden.services/api/credits:0
[ 6619912ms] [ERROR] Failed to load resource: the server responded with a status of 401 () @ https://ads.aiden.services/api/credits:0
[ 6649923ms] [ERROR] Failed to load resource: the server responded with a status of 401 () @ https://ads.aiden.services/api/credits:0
[ 6679926ms] [ERROR] Failed to load resource: the server responded with a status of 401 () @ https://ads.aiden.services/api/credits:0
[ 6709919ms] [ERROR] Failed to load resource: the server responded with a status of 401 () @ https://ads.aiden.services/api/credits:0
[ 6739927ms] [ERROR] Failed to load resource: the server responded with a status of 401 () @ https://ads.aiden.services/api/credits:0
[ 6769925ms] [ERROR] Failed to load resource: the server responded with a status of 401 () @ https://ads.aiden.services/api/credits:0
[ 6799926ms] [ERROR] Failed to load resource: the server responded with a status of 401 () @ https://ads.aiden.services/api/credits:0
[ 6829921ms] [ERROR] Failed to load resource: the server responded with a status of 401 () @ https://ads.aiden.services/api/credits:0
[ 6860114ms] [ERROR] Failed to load resource: the server responded with a status of 401 () @ https://ads.aiden.services/api/credits:0
[ 6889925ms] [ERROR] Failed to load resource: the server responded with a status of 401 () @ https://ads.aiden.services/api/credits:0
[ 6919922ms] [ERROR] Failed to load resource: the server responded with a status of 401 () @ https://ads.aiden.services/api/credits:0
[ 6949924ms] [ERROR] Failed to load resource: the server responded with a status of 401 () @ https://ads.aiden.services/api/credits:0
[ 6979919ms] [ERROR] Failed to load resource: the server responded with a status of 401 () @ https://ads.aiden.services/api/credits:0
[ 7009923ms] [ERROR] Failed to load resource: the server responded with a status of 401 () @ https://ads.aiden.services/api/credits:0
[ 7039923ms] [ERROR] Failed to load resource: the server responded with a status of 401 () @ https://ads.aiden.services/api/credits:0
[ 7069910ms] [ERROR] Failed to load resource: the server responded with a status of 401 () @ https://ads.aiden.services/api/credits:0
[ 7099925ms] [ERROR] Failed to load resource: the server responded with a status of 401 () @ https://ads.aiden.services/api/credits:0
[ 7129942ms] [ERROR] Failed to load resource: the server responded with a status of 401 () @ https://ads.aiden.services/api/credits:0
[ 7159929ms] [ERROR] Failed to load resource: the server responded with a status of 401 () @ https://ads.aiden.services/api/credits:0
[ 7189884ms] [ERROR] Failed to load resource: the server responded with a status of 401 () @ https://ads.aiden.services/api/credits:0
[ 7219881ms] [ERROR] Failed to load resource: the server responded with a status of 401 () @ https://ads.aiden.services/api/credits:0
[ 7249882ms] [ERROR] Failed to load resource: the server responded with a status of 401 () @ https://ads.aiden.services/api/credits:0
[ 7279884ms] [ERROR] Failed to load resource: the server responded with a status of 401 () @ https://ads.aiden.services/api/credits:0
[ 7309871ms] [ERROR] Failed to load resource: the server responded with a status of 401 () @ https://ads.aiden.services/api/credits:0
[ 7339872ms] [ERROR] Failed to load resource: the server responded with a status of 401 () @ https://ads.aiden.services/api/credits:0
[ 7369883ms] [ERROR] Failed to load resource: the server responded with a status of 401 () @ https://ads.aiden.services/api/credits:0
[ 7399877ms] [ERROR] Failed to load resource: the server responded with a status of 401 () @ https://ads.aiden.services/api/credits:0
[ 7429875ms] [ERROR] Failed to load resource: the server responded with a status of 401 () @ https://ads.aiden.services/api/credits:0
[ 7459882ms] [ERROR] Failed to load resource: the server responded with a status of 401 () @ https://ads.aiden.services/api/credits:0
[ 7489876ms] [ERROR] Failed to load resource: the server responded with a status of 401 () @ https://ads.aiden.services/api/credits:0
[ 7519879ms] [ERROR] Failed to load resource: the server responded with a status of 401 () @ https://ads.aiden.services/api/credits:0
[ 7549871ms] [ERROR] Failed to load resource: the server responded with a status of 401 () @ https://ads.aiden.services/api/credits:0
[ 7579878ms] [ERROR] Failed to load resource: the server responded with a status of 401 () @ https://ads.aiden.services/api/credits:0
[ 7609871ms] [ERROR] Failed to load resource: the server responded with a status of 401 () @ https://ads.aiden.services/api/credits:0
[ 7639873ms] [ERROR] Failed to load resource: the server responded with a status of 401 () @ https://ads.aiden.services/api/credits:0
[ 7669879ms] [ERROR] Failed to load resource: the server responded with a status of 401 () @ https://ads.aiden.services/api/credits:0
[ 7699874ms] [ERROR] Failed to load resource: the server responded with a status of 401 () @ https://ads.aiden.services/api/credits:0
[ 7729876ms] [ERROR] Failed to load resource: the server responded with a status of 401 () @ https://ads.aiden.services/api/credits:0
[ 7759879ms] [ERROR] Failed to load resource: the server responded with a status of 401 () @ https://ads.aiden.services/api/credits:0
[ 7789863ms] [ERROR] Failed to load resource: the server responded with a status of 401 () @ https://ads.aiden.services/api/credits:0
[ 7819892ms] [ERROR] Failed to load resource: the server responded with a status of 401 () @ https://ads.aiden.services/api/credits:0
[ 7849866ms] [ERROR] Failed to load resource: the server responded with a status of 401 () @ https://ads.aiden.services/api/credits:0
[ 7879862ms] [ERROR] Failed to load resource: the server responded with a status of 401 () @ https://ads.aiden.services/api/credits:0
[ 7909868ms] [ERROR] Failed to load resource: the server responded with a status of 401 () @ https://ads.aiden.services/api/credits:0
[ 7939871ms] [ERROR] Failed to load resource: the server responded with a status of 401 () @ https://ads.aiden.services/api/credits:0
[ 7969865ms] [ERROR] Failed to load resource: the server responded with a status of 401 () @ https://ads.aiden.services/api/credits:0
[ 7999871ms] [ERROR] Failed to load resource: the server responded with a status of 401 () @ https://ads.aiden.services/api/credits:0
[ 8029875ms] [ERROR] Failed to load resource: the server responded with a status of 401 () @ https://ads.aiden.services/api/credits:0
[ 8059868ms] [ERROR] Failed to load resource: the server responded with a status of 401 () @ https://ads.aiden.services/api/credits:0
[ 8089868ms] [ERROR] Failed to load resource: the server responded with a status of 401 () @ https://ads.aiden.services/api/credits:0
[ 8119860ms] [ERROR] Failed to load resource: the server responded with a status of 401 () @ https://ads.aiden.services/api/credits:0
[ 8149865ms] [ERROR] Failed to load resource: the server responded with a status of 401 () @ https://ads.aiden.services/api/credits:0
[ 8179858ms] [ERROR] Failed to load resource: the server responded with a status of 401 () @ https://ads.aiden.services/api/credits:0
[ 8209862ms] [ERROR] Failed to load resource: the server responded with a status of 401 () @ https://ads.aiden.services/api/credits:0
[ 8239870ms] [ERROR] Failed to load resource: the server responded with a status of 401 () @ https://ads.aiden.services/api/credits:0
[ 8269871ms] [ERROR] Failed to load resource: the server responded with a status of 401 () @ https://ads.aiden.services/api/credits:0
[ 8299870ms] [ERROR] Failed to load resource: the server responded with a status of 401 () @ https://ads.aiden.services/api/credits:0
[ 8329858ms] [ERROR] Failed to load resource: the server responded with a status of 401 () @ https://ads.aiden.services/api/credits:0
[ 8359859ms] [ERROR] Failed to load resource: the server responded with a status of 401 () @ https://ads.aiden.services/api/credits:0
[ 8389876ms] [ERROR] Failed to load resource: the server responded with a status of 401 () @ https://ads.aiden.services/api/credits:0
[ 8419881ms] [ERROR] Failed to load resource: the server responded with a status of 401 () @ https://ads.aiden.services/api/credits:0
[ 8449861ms] [ERROR] Failed to load resource: the server responded with a status of 401 () @ https://ads.aiden.services/api/credits:0
[ 8479871ms] [ERROR] Failed to load resource: the server responded with a status of 401 () @ https://ads.aiden.services/api/credits:0
[ 8509866ms] [ERROR] Failed to load resource: the server responded with a status of 401 () @ https://ads.aiden.services/api/credits:0
[ 8539861ms] [ERROR] Failed to load resource: the server responded with a status of 401 () @ https://ads.aiden.services/api/credits:0
[ 8569880ms] [ERROR] Failed to load resource: the server responded with a status of 401 () @ https://ads.aiden.services/api/credits:0
[ 8599869ms] [ERROR] Failed to load resource: the server responded with a status of 401 () @ https://ads.aiden.services/api/credits:0
[ 8629870ms] [ERROR] Failed to load resource: the server responded with a status of 401 () @ https://ads.aiden.services/api/credits:0
[ 8659872ms] [ERROR] Failed to load resource: the server responded with a status of 401 () @ https://ads.aiden.services/api/credits:0
[ 8689856ms] [ERROR] Failed to load resource: the server responded with a status of 401 () @ https://ads.aiden.services/api/credits:0
[ 8719874ms] [ERROR] Failed to load resource: the server responded with a status of 401 () @ https://ads.aiden.services/api/credits:0
[ 8749864ms] [ERROR] Failed to load resource: the server responded with a status of 401 () @ https://ads.aiden.services/api/credits:0
[ 8779860ms] [ERROR] Failed to load resource: the server responded with a status of 401 () @ https://ads.aiden.services/api/credits:0
[ 8809870ms] [ERROR] Failed to load resource: the server responded with a status of 401 () @ https://ads.aiden.services/api/credits:0
[ 8839862ms] [ERROR] Failed to load resource: the server responded with a status of 401 () @ https://ads.aiden.services/api/credits:0
[ 8869869ms] [ERROR] Failed to load resource: the server responded with a status of 401 () @ https://ads.aiden.services/api/credits:0
[ 8899862ms] [ERROR] Failed to load resource: the server responded with a status of 401 () @ https://ads.aiden.services/api/credits:0
[ 8929924ms] [ERROR] Failed to load resource: the server responded with a status of 401 () @ https://ads.aiden.services/api/credits:0
[ 8959916ms] [ERROR] Failed to load resource: the server responded with a status of 401 () @ https://ads.aiden.services/api/credits:0
[ 8989916ms] [ERROR] Failed to load resource: the server responded with a status of 401 () @ https://ads.aiden.services/api/credits:0
[ 9019930ms] [ERROR] Failed to load resource: the server responded with a status of 401 () @ https://ads.aiden.services/api/credits:0
[ 9049914ms] [ERROR] Failed to load resource: the server responded with a status of 401 () @ https://ads.aiden.services/api/credits:0
[ 9079905ms] [ERROR] Failed to load resource: the server responded with a status of 401 () @ https://ads.aiden.services/api/credits:0
[ 9109915ms] [ERROR] Failed to load resource: the server responded with a status of 401 () @ https://ads.aiden.services/api/credits:0
[ 9139915ms] [ERROR] Failed to load resource: the server responded with a status of 401 () @ https://ads.aiden.services/api/credits:0
[ 9169920ms] [ERROR] Failed to load resource: the server responded with a status of 401 () @ https://ads.aiden.services/api/credits:0
[ 9199926ms] [ERROR] Failed to load resource: the server responded with a status of 401 () @ https://ads.aiden.services/api/credits:0
[ 9229930ms] [ERROR] Failed to load resource: the server responded with a status of 401 () @ https://ads.aiden.services/api/credits:0
[ 9259917ms] [ERROR] Failed to load resource: the server responded with a status of 401 () @ https://ads.aiden.services/api/credits:0
[ 9289916ms] [ERROR] Failed to load resource: the server responded with a status of 401 () @ https://ads.aiden.services/api/credits:0
[ 9319914ms] [ERROR] Failed to load resource: the server responded with a status of 401 () @ https://ads.aiden.services/api/credits:0
[ 9349922ms] [ERROR] Failed to load resource: the server responded with a status of 401 () @ https://ads.aiden.services/api/credits:0
[ 9379919ms] [ERROR] Failed to load resource: the server responded with a status of 401 () @ https://ads.aiden.services/api/credits:0
[ 9409922ms] [ERROR] Failed to load resource: the server responded with a status of 401 () @ https://ads.aiden.services/api/credits:0
[ 9439916ms] [ERROR] Failed to load resource: the server responded with a status of 401 () @ https://ads.aiden.services/api/credits:0
[ 9469911ms] [ERROR] Failed to load resource: the server responded with a status of 401 () @ https://ads.aiden.services/api/credits:0
[ 9499935ms] [ERROR] Failed to load resource: the server responded with a status of 401 () @ https://ads.aiden.services/api/credits:0
[ 9529914ms] [ERROR] Failed to load resource: the server responded with a status of 401 () @ https://ads.aiden.services/api/credits:0
[ 9559920ms] [ERROR] Failed to load resource: the server responded with a status of 401 () @ https://ads.aiden.services/api/credits:0
[ 9589936ms] [ERROR] Failed to load resource: the server responded with a status of 401 () @ https://ads.aiden.services/api/credits:0
[ 9619914ms] [ERROR] Failed to load resource: the server responded with a status of 401 () @ https://ads.aiden.services/api/credits:0
[ 9649919ms] [ERROR] Failed to load resource: the server responded with a status of 401 () @ https://ads.aiden.services/api/credits:0
[ 9679912ms] [ERROR] Failed to load resource: the server responded with a status of 401 () @ https://ads.aiden.services/api/credits:0
[ 9709912ms] [ERROR] Failed to load resource: the server responded with a status of 401 () @ https://ads.aiden.services/api/credits:0
[ 9739913ms] [ERROR] Failed to load resource: the server responded with a status of 401 () @ https://ads.aiden.services/api/credits:0
[ 9769939ms] [ERROR] Failed to load resource: the server responded with a status of 401 () @ https://ads.aiden.services/api/credits:0
[ 9799914ms] [ERROR] Failed to load resource: the server responded with a status of 401 () @ https://ads.aiden.services/api/credits:0
[ 9829929ms] [ERROR] Failed to load resource: the server responded with a status of 401 () @ https://ads.aiden.services/api/credits:0
[ 9859927ms] [ERROR] Failed to load resource: the server responded with a status of 401 () @ https://ads.aiden.services/api/credits:0
[ 9889949ms] [ERROR] Failed to load resource: the server responded with a status of 401 () @ https://ads.aiden.services/api/credits:0
[ 9920031ms] [ERROR] Failed to load resource: the server responded with a status of 401 () @ https://ads.aiden.services/api/credits:0
[ 9949924ms] [ERROR] Failed to load resource: the server responded with a status of 401 () @ https://ads.aiden.services/api/credits:0
[ 9979910ms] [ERROR] Failed to load resource: the server responded with a status of 401 () @ https://ads.aiden.services/api/credits:0
[10009922ms] [ERROR] Failed to load resource: the server responded with a status of 401 () @ https://ads.aiden.services/api/credits:0
[10039969ms] [ERROR] Failed to load resource: the server responded with a status of 401 () @ https://ads.aiden.services/api/credits:0
[10069918ms] [ERROR] Failed to load resource: the server responded with a status of 401 () @ https://ads.aiden.services/api/credits:0
[10099917ms] [ERROR] Failed to load resource: the server responded with a status of 401 () @ https://ads.aiden.services/api/credits:0
[10129925ms] [ERROR] Failed to load resource: the server responded with a status of 401 () @ https://ads.aiden.services/api/credits:0
[10159924ms] [ERROR] Failed to load resource: the server responded with a status of 401 () @ https://ads.aiden.services/api/credits:0
[10189933ms] [ERROR] Failed to load resource: the server responded with a status of 401 () @ https://ads.aiden.services/api/credits:0
[10219939ms] [ERROR] Failed to load resource: the server responded with a status of 401 () @ https://ads.aiden.services/api/credits:0
[10249917ms] [ERROR] Failed to load resource: the server responded with a status of 401 () @ https://ads.aiden.services/api/credits:0
[10279919ms] [ERROR] Failed to load resource: the server responded with a status of 401 () @ https://ads.aiden.services/api/credits:0
[10309968ms] [ERROR] Failed to load resource: the server responded with a status of 401 () @ https://ads.aiden.services/api/credits:0
[10339918ms] [ERROR] Failed to load resource: the server responded with a status of 401 () @ https://ads.aiden.services/api/credits:0
[10369920ms] [ERROR] Failed to load resource: the server responded with a status of 401 () @ https://ads.aiden.services/api/credits:0
[10399963ms] [ERROR] Failed to load resource: the server responded with a status of 401 () @ https://ads.aiden.services/api/credits:0
[10429925ms] [ERROR] Failed to load resource: the server responded with a status of 401 () @ https://ads.aiden.services/api/credits:0
[10459916ms] [ERROR] Failed to load resource: the server responded with a status of 401 () @ https://ads.aiden.services/api/credits:0
[10489924ms] [ERROR] Failed to load resource: the server responded with a status of 401 () @ https://ads.aiden.services/api/credits:0
[10519918ms] [ERROR] Failed to load resource: the server responded with a status of 401 () @ https://ads.aiden.services/api/credits:0
[10549917ms] [ERROR] Failed to load resource: the server responded with a status of 401 () @ https://ads.aiden.services/api/credits:0
[10579927ms] [ERROR] Failed to load resource: the server responded with a status of 401 () @ https://ads.aiden.services/api/credits:0
[10609925ms] [ERROR] Failed to load resource: the server responded with a status of 401 () @ https://ads.aiden.services/api/credits:0
[10639933ms] [ERROR] Failed to load resource: the server responded with a status of 401 () @ https://ads.aiden.services/api/credits:0
[10669923ms] [ERROR] Failed to load resource: the server responded with a status of 401 () @ https://ads.aiden.services/api/credits:0
[10699918ms] [ERROR] Failed to load resource: the server responded with a status of 401 () @ https://ads.aiden.services/api/credits:0
[10729890ms] [ERROR] Failed to load resource: the server responded with a status of 401 () @ https://ads.aiden.services/api/credits:0
[10759880ms] [ERROR] Failed to load resource: the server responded with a status of 401 () @ https://ads.aiden.services/api/credits:0
[10789881ms] [ERROR] Failed to load resource: the server responded with a status of 401 () @ https://ads.aiden.services/api/credits:0
[10819883ms] [ERROR] Failed to load resource: the server responded with a status of 401 () @ https://ads.aiden.services/api/credits:0
[10849880ms] [ERROR] Failed to load resource: the server responded with a status of 401 () @ https://ads.aiden.services/api/credits:0
[10879881ms] [ERROR] Failed to load resource: the server responded with a status of 401 () @ https://ads.aiden.services/api/credits:0
[10909877ms] [ERROR] Failed to load resource: the server responded with a status of 401 () @ https://ads.aiden.services/api/credits:0
[10939883ms] [ERROR] Failed to load resource: the server responded with a status of 401 () @ https://ads.aiden.services/api/credits:0
[10969876ms] [ERROR] Failed to load resource: the server responded with a status of 401 () @ https://ads.aiden.services/api/credits:0
[10999879ms] [ERROR] Failed to load resource: the server responded with a status of 401 () @ https://ads.aiden.services/api/credits:0
[11029879ms] [ERROR] Failed to load resource: the server responded with a status of 401 () @ https://ads.aiden.services/api/credits:0
[11059873ms] [ERROR] Failed to load resource: the server responded with a status of 401 () @ https://ads.aiden.services/api/credits:0
[11089935ms] [ERROR] Failed to load resource: the server responded with a status of 401 () @ https://ads.aiden.services/api/credits:0
[11119874ms] [ERROR] Failed to load resource: the server responded with a status of 401 () @ https://ads.aiden.services/api/credits:0
[11149878ms] [ERROR] Failed to load resource: the server responded with a status of 401 () @ https://ads.aiden.services/api/credits:0
[11179867ms] [ERROR] Failed to load resource: the server responded with a status of 401 () @ https://ads.aiden.services/api/credits:0
[11209886ms] [ERROR] Failed to load resource: the server responded with a status of 401 () @ https://ads.aiden.services/api/credits:0
[11239864ms] [ERROR] Failed to load resource: the server responded with a status of 401 () @ https://ads.aiden.services/api/credits:0
[11269876ms] [ERROR] Failed to load resource: the server responded with a status of 401 () @ https://ads.aiden.services/api/credits:0
[11299879ms] [ERROR] Failed to load resource: the server responded with a status of 401 () @ https://ads.aiden.services/api/credits:0
[11329878ms] [ERROR] Failed to load resource: the server responded with a status of 401 () @ https://ads.aiden.services/api/credits:0
[11359878ms] [ERROR] Failed to load resource: the server responded with a status of 401 () @ https://ads.aiden.services/api/credits:0
[11389878ms] [ERROR] Failed to load resource: the server responded with a status of 401 () @ https://ads.aiden.services/api/credits:0
[11419878ms] [ERROR] Failed to load resource: the server responded with a status of 401 () @ https://ads.aiden.services/api/credits:0
[11449874ms] [ERROR] Failed to load resource: the server responded with a status of 401 () @ https://ads.aiden.services/api/credits:0
[11479871ms] [ERROR] Failed to load resource: the server responded with a status of 401 () @ https://ads.aiden.services/api/credits:0
[11509866ms] [ERROR] Failed to load resource: the server responded with a status of 401 () @ https://ads.aiden.services/api/credits:0
[11539865ms] [ERROR] Failed to load resource: the server responded with a status of 401 () @ https://ads.aiden.services/api/credits:0
[11569872ms] [ERROR] Failed to load resource: the server responded with a status of 401 () @ https://ads.aiden.services/api/credits:0
[11599864ms] [ERROR] Failed to load resource: the server responded with a status of 401 () @ https://ads.aiden.services/api/credits:0
[11629871ms] [ERROR] Failed to load resource: the server responded with a status of 401 () @ https://ads.aiden.services/api/credits:0
[11659862ms] [ERROR] Failed to load resource: the server responded with a status of 401 () @ https://ads.aiden.services/api/credits:0
[11689859ms] [ERROR] Failed to load resource: the server responded with a status of 401 () @ https://ads.aiden.services/api/credits:0
[11719871ms] [ERROR] Failed to load resource: the server responded with a status of 401 () @ https://ads.aiden.services/api/credits:0
[11749858ms] [ERROR] Failed to load resource: the server responded with a status of 401 () @ https://ads.aiden.services/api/credits:0
[11779869ms] [ERROR] Failed to load resource: the server responded with a status of 401 () @ https://ads.aiden.services/api/credits:0
[11809868ms] [ERROR] Failed to load resource: the server responded with a status of 401 () @ https://ads.aiden.services/api/credits:0
[11839872ms] [ERROR] Failed to load resource: the server responded with a status of 401 () @ https://ads.aiden.services/api/credits:0
[11869875ms] [ERROR] Failed to load resource: the server responded with a status of 401 () @ https://ads.aiden.services/api/credits:0
[11899864ms] [ERROR] Failed to load resource: the server responded with a status of 401 () @ https://ads.aiden.services/api/credits:0
[11929867ms] [ERROR] Failed to load resource: the server responded with a status of 401 () @ https://ads.aiden.services/api/credits:0
[11959872ms] [ERROR] Failed to load resource: the server responded with a status of 401 () @ https://ads.aiden.services/api/credits:0
[11989877ms] [ERROR] Failed to load resource: the server responded with a status of 401 () @ https://ads.aiden.services/api/credits:0
[12019872ms] [ERROR] Failed to load resource: the server responded with a status of 401 () @ https://ads.aiden.services/api/credits:0
[12049860ms] [ERROR] Failed to load resource: the server responded with a status of 401 () @ https://ads.aiden.services/api/credits:0
[12079869ms] [ERROR] Failed to load resource: the server responded with a status of 401 () @ https://ads.aiden.services/api/credits:0
[12109863ms] [ERROR] Failed to load resource: the server responded with a status of 401 () @ https://ads.aiden.services/api/credits:0
[12139875ms] [ERROR] Failed to load resource: the server responded with a status of 401 () @ https://ads.aiden.services/api/credits:0
[12169880ms] [ERROR] Failed to load resource: the server responded with a status of 401 () @ https://ads.aiden.services/api/credits:0
[12199877ms] [ERROR] Failed to load resource: the server responded with a status of 401 () @ https://ads.aiden.services/api/credits:0
[12229864ms] [ERROR] Failed to load resource: the server responded with a status of 401 () @ https://ads.aiden.services/api/credits:0
[12259873ms] [ERROR] Failed to load resource: the server responded with a status of 401 () @ https://ads.aiden.services/api/credits:0
[12289868ms] [ERROR] Failed to load resource: the server responded with a status of 401 () @ https://ads.aiden.services/api/credits:0
[12319871ms] [ERROR] Failed to load resource: the server responded with a status of 401 () @ https://ads.aiden.services/api/credits:0
[12349876ms] [ERROR] Failed to load resource: the server responded with a status of 401 () @ https://ads.aiden.services/api/credits:0
[12379863ms] [ERROR] Failed to load resource: the server responded with a status of 401 () @ https://ads.aiden.services/api/credits:0
[12409855ms] [ERROR] Failed to load resource: the server responded with a status of 401 () @ https://ads.aiden.services/api/credits:0
[12439862ms] [ERROR] Failed to load resource: the server responded with a status of 401 () @ https://ads.aiden.services/api/credits:0
[12469867ms] [ERROR] Failed to load resource: the server responded with a status of 401 () @ https://ads.aiden.services/api/credits:0
[12499863ms] [ERROR] Failed to load resource: the server responded with a status of 401 () @ https://ads.aiden.services/api/credits:0
[12529921ms] [ERROR] Failed to load resource: the server responded with a status of 401 () @ https://ads.aiden.services/api/credits:0
[12559923ms] [ERROR] Failed to load resource: the server responded with a status of 401 () @ https://ads.aiden.services/api/credits:0
[12589939ms] [ERROR] Failed to load resource: the server responded with a status of 401 () @ https://ads.aiden.services/api/credits:0
[12619931ms] [ERROR] Failed to load resource: the server responded with a status of 401 () @ https://ads.aiden.services/api/credits:0
[12649929ms] [ERROR] Failed to load resource: the server responded with a status of 401 () @ https://ads.aiden.services/api/credits:0
[12679936ms] [ERROR] Failed to load resource: the server responded with a status of 401 () @ https://ads.aiden.services/api/credits:0
[12709945ms] [ERROR] Failed to load resource: the server responded with a status of 401 () @ https://ads.aiden.services/api/credits:0
[12739933ms] [ERROR] Failed to load resource: the server responded with a status of 401 () @ https://ads.aiden.services/api/credits:0
[12769934ms] [ERROR] Failed to load resource: the server responded with a status of 401 () @ https://ads.aiden.services/api/credits:0
[12799930ms] [ERROR] Failed to load resource: the server responded with a status of 401 () @ https://ads.aiden.services/api/credits:0
[12829951ms] [ERROR] Failed to load resource: the server responded with a status of 401 () @ https://ads.aiden.services/api/credits:0
[12859938ms] [ERROR] Failed to load resource: the server responded with a status of 401 () @ https://ads.aiden.services/api/credits:0
[12889935ms] [ERROR] Failed to load resource: the server responded with a status of 401 () @ https://ads.aiden.services/api/credits:0
[12919922ms] [ERROR] Failed to load resource: the server responded with a status of 401 () @ https://ads.aiden.services/api/credits:0
[12949930ms] [ERROR] Failed to load resource: the server responded with a status of 401 () @ https://ads.aiden.services/api/credits:0
[12979929ms] [ERROR] Failed to load resource: the server responded with a status of 401 () @ https://ads.aiden.services/api/credits:0
[13009947ms] [ERROR] Failed to load resource: the server responded with a status of 401 () @ https://ads.aiden.services/api/credits:0
[13039963ms] [ERROR] Failed to load resource: the server responded with a status of 401 () @ https://ads.aiden.services/api/credits:0
[13069938ms] [ERROR] Failed to load resource: the server responded with a status of 401 () @ https://ads.aiden.services/api/credits:0
[13099938ms] [ERROR] Failed to load resource: the server responded with a status of 401 () @ https://ads.aiden.services/api/credits:0
[13129940ms] [ERROR] Failed to load resource: the server responded with a status of 401 () @ https://ads.aiden.services/api/credits:0
[13159942ms] [ERROR] Failed to load resource: the server responded with a status of 401 () @ https://ads.aiden.services/api/credits:0
[13189947ms] [ERROR] Failed to load resource: the server responded with a status of 401 () @ https://ads.aiden.services/api/credits:0
[13219927ms] [ERROR] Failed to load resource: the server responded with a status of 401 () @ https://ads.aiden.services/api/credits:0
[13249941ms] [ERROR] Failed to load resource: the server responded with a status of 401 () @ https://ads.aiden.services/api/credits:0
[13279944ms] [ERROR] Failed to load resource: the server responded with a status of 401 () @ https://ads.aiden.services/api/credits:0
[13309985ms] [ERROR] Failed to load resource: the server responded with a status of 401 () @ https://ads.aiden.services/api/credits:0
[13339979ms] [ERROR] Failed to load resource: the server responded with a status of 401 () @ https://ads.aiden.services/api/credits:0
[13369944ms] [ERROR] Failed to load resource: the server responded with a status of 401 () @ https://ads.aiden.services/api/credits:0
[13399928ms] [ERROR] Failed to load resource: the server responded with a status of 401 () @ https://ads.aiden.services/api/credits:0
[13429930ms] [ERROR] Failed to load resource: the server responded with a status of 401 () @ https://ads.aiden.services/api/credits:0
[13459953ms] [ERROR] Failed to load resource: the server responded with a status of 401 () @ https://ads.aiden.services/api/credits:0
[13489932ms] [ERROR] Failed to load resource: the server responded with a status of 401 () @ https://ads.aiden.services/api/credits:0
[13519949ms] [ERROR] Failed to load resource: the server responded with a status of 401 () @ https://ads.aiden.services/api/credits:0
[13549939ms] [ERROR] Failed to load resource: the server responded with a status of 401 () @ https://ads.aiden.services/api/credits:0
[13579934ms] [ERROR] Failed to load resource: the server responded with a status of 401 () @ https://ads.aiden.services/api/credits:0
[13609940ms] [ERROR] Failed to load resource: the server responded with a status of 401 () @ https://ads.aiden.services/api/credits:0
[13639943ms] [ERROR] Failed to load resource: the server responded with a status of 401 () @ https://ads.aiden.services/api/credits:0
[13670018ms] [ERROR] Failed to load resource: the server responded with a status of 401 () @ https://ads.aiden.services/api/credits:0
[13699943ms] [ERROR] Failed to load resource: the server responded with a status of 401 () @ https://ads.aiden.services/api/credits:0
[13729947ms] [ERROR] Failed to load resource: the server responded with a status of 401 () @ https://ads.aiden.services/api/credits:0
[13759951ms] [ERROR] Failed to load resource: the server responded with a status of 401 () @ https://ads.aiden.services/api/credits:0
[13789947ms] [ERROR] Failed to load resource: the server responded with a status of 401 () @ https://ads.aiden.services/api/credits:0
[13819944ms] [ERROR] Failed to load resource: the server responded with a status of 401 () @ https://ads.aiden.services/api/credits:0
[13849965ms] [ERROR] Failed to load resource: the server responded with a status of 401 () @ https://ads.aiden.services/api/credits:0
[13879949ms] [ERROR] Failed to load resource: the server responded with a status of 401 () @ https://ads.aiden.services/api/credits:0
[13909964ms] [ERROR] Failed to load resource: the server responded with a status of 401 () @ https://ads.aiden.services/api/credits:0
[13939948ms] [ERROR] Failed to load resource: the server responded with a status of 401 () @ https://ads.aiden.services/api/credits:0
[13969947ms] [ERROR] Failed to load resource: the server responded with a status of 401 () @ https://ads.aiden.services/api/credits:0
[13999949ms] [ERROR] Failed to load resource: the server responded with a status of 401 () @ https://ads.aiden.services/api/credits:0
[14029960ms] [ERROR] Failed to load resource: the server responded with a status of 401 () @ https://ads.aiden.services/api/credits:0
[14059941ms] [ERROR] Failed to load resource: the server responded with a status of 401 () @ https://ads.aiden.services/api/credits:0
[14089941ms] [ERROR] Failed to load resource: the server responded with a status of 401 () @ https://ads.aiden.services/api/credits:0
[14119951ms] [ERROR] Failed to load resource: the server responded with a status of 401 () @ https://ads.aiden.services/api/credits:0
[14149962ms] [ERROR] Failed to load resource: the server responded with a status of 401 () @ https://ads.aiden.services/api/credits:0
[14179957ms] [ERROR] Failed to load resource: the server responded with a status of 401 () @ https://ads.aiden.services/api/credits:0
[14209951ms] [ERROR] Failed to load resource: the server responded with a status of 401 () @ https://ads.aiden.services/api/credits:0
[14239969ms] [ERROR] Failed to load resource: the server responded with a status of 401 () @ https://ads.aiden.services/api/credits:0
[14270007ms] [ERROR] Failed to load resource: the server responded with a status of 401 () @ https://ads.aiden.services/api/credits:0
[14299979ms] [ERROR] Failed to load resource: the server responded with a status of 401 () @ https://ads.aiden.services/api/credits:0
